[28-Nov-2021 05:24:05] NOTICE: fpm is running, pid 17
[28-Nov-2021 05:24:05] NOTICE: ready to handle connections
[28-Nov-2021 05:24:05] NOTICE: systemd monitor interval set to 10000ms
[28-Nov-2021 05:53:18] WARNING: [pool www] child 23 said into stderr: "NOTICE: PHP message: PHP Fatal error:  Uncaught Error: Call to a member function fetch_all() on bool in /var/www/html/src/Models/BlogModel.php:65"
[28-Nov-2021 05:53:18] WARNING: [pool www] child 23 said into stderr: "Stack trace:"
[28-Nov-2021 05:53:18] WARNING: [pool www] child 23 said into stderr: "#0 /var/www/html/src/Views/Shop/Home/Home.php(429): BookingHotel\Models\BlogModel::getBlogsLimit()"
[28-Nov-2021 05:53:18] WARNING: [pool www] child 23 said into stderr: "#1 /var/www/html/src/Controllers/Shop/Home/HomeController.php(11): include('/var/www/html/s...')"
[28-Nov-2021 05:53:18] WARNING: [pool www] child 23 said into stderr: "#2 [internal function]: BookingHotel\Controllers\Shop\Home\HomeController->getView()"
[28-Nov-2021 05:53:18] WARNING: [pool www] child 23 said into stderr: "#3 /var/www/html/src/Core/Route.php(61): call_user_func_array()"
[28-Nov-2021 05:53:18] WARNING: [pool www] child 23 said into stderr: "#4 /var/www/html/src/Core/Route.php(49): BookingHotel\Core\Route->callRoute()"
[28-Nov-2021 05:53:18] WARNING: [pool www] child 23 said into stderr: "#5 /var/www/html/src/Core/bootstrap.php(51): BookingHotel\Core\Route->direct()"
[28-Nov-2021 05:53:18] WARNING: [pool www] child 23 said into stderr: "#6 /var/www/html/index.php(7): require_once('/var/www/html/s...')"
[28-Nov-2021 05:53:18] WARNING: [pool www] child 23 said into stderr: "#7 {main}"
[28-Nov-2021 05:53:18] WARNING: [pool www] child 23 said into stderr: "  thrown in /var/www/html/src/Models/BlogModel.php on line 65"
[28-Nov-2021 05:57:11] WARNING: [pool www] child 24 said into stderr: "NOTICE: PHP message: PHP Fatal error:  Uncaught Error: Call to a member function fetch_all() on bool in /var/www/html/src/Models/BlogModel.php:65"
[28-Nov-2021 05:57:11] WARNING: [pool www] child 24 said into stderr: "Stack trace:"
[28-Nov-2021 05:57:11] WARNING: [pool www] child 24 said into stderr: "#0 /var/www/html/src/Views/Shop/Home/Home.php(429): BookingHotel\Models\BlogModel::getBlogsLimit()"
[28-Nov-2021 05:57:11] WARNING: [pool www] child 24 said into stderr: "#1 /var/www/html/src/Controllers/Shop/Home/HomeController.php(11): include('/var/www/html/s...')"
[28-Nov-2021 05:57:11] WARNING: [pool www] child 24 said into stderr: "#2 [internal function]: BookingHotel\Controllers\Shop\Home\HomeController->getView()"
[28-Nov-2021 05:57:11] WARNING: [pool www] child 24 said into stderr: "#3 /var/www/html/src/Core/Route.php(61): call_user_func_array()"
[28-Nov-2021 05:57:11] WARNING: [pool www] child 24 said into stderr: "#4 /var/www/html/src/Core/Route.php(49): BookingHotel\Core\Route->callRoute()"
[28-Nov-2021 05:57:11] WARNING: [pool www] child 24 said into stderr: "#5 /var/www/html/src/Core/bootstrap.php(51): BookingHotel\Core\Route->direct()"
[28-Nov-2021 05:57:11] WARNING: [pool www] child 24 said into stderr: "#6 /var/www/html/index.php(7): require_once('/var/www/html/s...')"
[28-Nov-2021 05:57:11] WARNING: [pool www] child 24 said into stderr: "#7 {main}"
[28-Nov-2021 05:57:11] WARNING: [pool www] child 24 said into stderr: "  thrown in /var/www/html/src/Models/BlogModel.php on line 65"
[28-Nov-2021 05:57:17] WARNING: [pool www] child 25 said into stderr: "NOTICE: PHP message: PHP Fatal error:  Uncaught Error: Call to a member function fetch_all() on bool in /var/www/html/src/Models/BlogModel.php:65"
[28-Nov-2021 05:57:17] WARNING: [pool www] child 25 said into stderr: "Stack trace:"
[28-Nov-2021 05:57:17] WARNING: [pool www] child 25 said into stderr: "#0 /var/www/html/src/Views/Shop/Home/Home.php(429): BookingHotel\Models\BlogModel::getBlogsLimit()"
[28-Nov-2021 05:57:17] WARNING: [pool www] child 25 said into stderr: "#1 /var/www/html/src/Controllers/Shop/Home/HomeController.php(11): include('/var/www/html/s...')"
[28-Nov-2021 05:57:17] WARNING: [pool www] child 25 said into stderr: "#2 [internal function]: BookingHotel\Controllers\Shop\Home\HomeController->getView()"
[28-Nov-2021 05:57:17] WARNING: [pool www] child 25 said into stderr: "#3 /var/www/html/src/Core/Route.php(61): call_user_func_array()"
[28-Nov-2021 05:57:17] WARNING: [pool www] child 25 said into stderr: "#4 /var/www/html/src/Core/Route.php(49): BookingHotel\Core\Route->callRoute()"
[28-Nov-2021 05:57:17] WARNING: [pool www] child 25 said into stderr: "#5 /var/www/html/src/Core/bootstrap.php(51): BookingHotel\Core\Route->direct()"
[28-Nov-2021 05:57:17] WARNING: [pool www] child 25 said into stderr: "#6 /var/www/html/index.php(7): require_once('/var/www/html/s...')"
[28-Nov-2021 05:57:17] WARNING: [pool www] child 25 said into stderr: "#7 {main}"
[28-Nov-2021 05:57:17] WARNING: [pool www] child 25 said into stderr: "  thrown in /var/www/html/src/Models/BlogModel.php on line 65"
[28-Nov-2021 05:59:59] NOTICE: fpm is running, pid 17
[28-Nov-2021 05:59:59] NOTICE: ready to handle connections
[28-Nov-2021 05:59:59] NOTICE: systemd monitor interval set to 10000ms
[28-Nov-2021 07:07:32] NOTICE: fpm is running, pid 16
[28-Nov-2021 07:07:32] NOTICE: ready to handle connections
[28-Nov-2021 07:07:32] NOTICE: systemd monitor interval set to 10000ms
[28-Nov-2021 07:16:41] NOTICE: fpm is running, pid 23
[28-Nov-2021 07:16:41] NOTICE: ready to handle connections
[28-Nov-2021 07:16:41] NOTICE: systemd monitor interval set to 10000ms
[28-Nov-2021 07:32:19] WARNING: [pool www] child 29 said into stderr: "NOTICE: PHP message: PHP Fatal error:  Uncaught Error: Call to a member function fetch_all() on bool in /var/www/html/src/Models/BlogModel.php:65"
[28-Nov-2021 07:32:19] WARNING: [pool www] child 29 said into stderr: "Stack trace:"
[28-Nov-2021 07:32:19] WARNING: [pool www] child 29 said into stderr: "#0 /var/www/html/src/Views/Shop/Home/Home.php(429): BookingHotel\Models\BlogModel::getBlogsLimit()"
[28-Nov-2021 07:32:19] WARNING: [pool www] child 29 said into stderr: "#1 /var/www/html/src/Controllers/Shop/Home/HomeController.php(11): include('/var/www/html/s...')"
[28-Nov-2021 07:32:19] WARNING: [pool www] child 29 said into stderr: "#2 [internal function]: BookingHotel\Controllers\Shop\Home\HomeController->getView()"
[28-Nov-2021 07:32:19] WARNING: [pool www] child 29 said into stderr: "#3 /var/www/html/src/Core/Route.php(61): call_user_func_array()"
[28-Nov-2021 07:32:19] WARNING: [pool www] child 29 said into stderr: "#4 /var/www/html/src/Core/Route.php(49): BookingHotel\Core\Route->callRoute()"
[28-Nov-2021 07:32:19] WARNING: [pool www] child 29 said into stderr: "#5 /var/www/html/src/Core/bootstrap.php(51): BookingHotel\Core\Route->direct()"
[28-Nov-2021 07:32:19] WARNING: [pool www] child 29 said into stderr: "#6 /var/www/html/index.php(7): require_once('/var/www/html/s...')"
[28-Nov-2021 07:32:19] WARNING: [pool www] child 29 said into stderr: "#7 {main}"
[28-Nov-2021 07:32:19] WARNING: [pool www] child 29 said into stderr: "  thrown in /var/www/html/src/Models/BlogModel.php on line 65"
[28-Nov-2021 07:48:24] WARNING: [pool www] child 30 said into stderr: "NOTICE: PHP message: PHP Fatal error:  Uncaught Error: Call to a member function fetch_all() on bool in /var/www/html/src/Models/BlogModel.php:65"
[28-Nov-2021 07:48:24] WARNING: [pool www] child 30 said into stderr: "Stack trace:"
[28-Nov-2021 07:48:24] WARNING: [pool www] child 30 said into stderr: "#0 /var/www/html/src/Views/Shop/Home/Home.php(429): BookingHotel\Models\BlogModel::getBlogsLimit()"
[28-Nov-2021 07:48:24] WARNING: [pool www] child 30 said into stderr: "#1 /var/www/html/src/Controllers/Shop/Home/HomeController.php(11): include('/var/www/html/s...')"
[28-Nov-2021 07:48:24] WARNING: [pool www] child 30 said into stderr: "#2 [internal function]: BookingHotel\Controllers\Shop\Home\HomeController->getView()"
[28-Nov-2021 07:48:24] WARNING: [pool www] child 30 said into stderr: "#3 /var/www/html/src/Core/Route.php(61): call_user_func_array()"
[28-Nov-2021 07:48:24] WARNING: [pool www] child 30 said into stderr: "#4 /var/www/html/src/Core/Route.php(49): BookingHotel\Core\Route->callRoute()"
[28-Nov-2021 07:48:24] WARNING: [pool www] child 30 said into stderr: "#5 /var/www/html/src/Core/bootstrap.php(51): BookingHotel\Core\Route->direct()"
[28-Nov-2021 07:48:24] WARNING: [pool www] child 30 said into stderr: "#6 /var/www/html/index.php(7): require_once('/var/www/html/s...')"
[28-Nov-2021 07:48:24] WARNING: [pool www] child 30 said into stderr: "#7 {main}"
[28-Nov-2021 07:48:24] WARNING: [pool www] child 30 said into stderr: "  thrown in /var/www/html/src/Models/BlogModel.php on line 65"
[28-Nov-2021 10:32:17] NOTICE: fpm is running, pid 19
[28-Nov-2021 10:32:17] NOTICE: ready to handle connections
[28-Nov-2021 10:32:17] NOTICE: systemd monitor interval set to 10000ms
[28-Nov-2021 13:58:13] NOTICE: fpm is running, pid 17
[28-Nov-2021 13:58:13] NOTICE: ready to handle connections
[28-Nov-2021 13:58:13] NOTICE: systemd monitor interval set to 10000ms
[29-Nov-2021 10:00:49] NOTICE: fpm is running, pid 18
[29-Nov-2021 10:00:49] NOTICE: ready to handle connections
[29-Nov-2021 10:00:49] NOTICE: systemd monitor interval set to 10000ms
[09-Dec-2021 15:41:31] NOTICE: fpm is running, pid 17
[09-Dec-2021 15:41:31] NOTICE: ready to handle connections
[09-Dec-2021 15:41:31] NOTICE: systemd monitor interval set to 10000ms
[09-Dec-2021 15:42:06] WARNING: [pool www] child 23 said into stderr: "NOTICE: PHP message: PHP Warning:  mysqli::__construct(): (HY000/2002): No such file or directory in /var/www/html/src/Database/DB.php on line 26"
[09-Dec-2021 15:42:06] WARNING: [pool www] child 23 said into stderr: "NOTICE: PHP message: PHP Warning:  mysqli_set_charset(): Couldn't fetch mysqli in /var/www/html/src/Database/DB.php on line 29"
[09-Dec-2021 15:42:06] WARNING: [pool www] child 23 said into stderr: "NOTICE: PHP message: PHP Warning:  mysqli_set_charset(): Couldn't fetch mysqli in /var/www/html/src/Database/DB.php on line 29"
[09-Dec-2021 15:42:06] WARNING: [pool www] child 23 said into stderr: "NOTICE: PHP message: PHP Warning:  mysqli::query(): Couldn't fetch mysqli in /var/www/html/src/Model/TypeModel.php on line 13"
[09-Dec-2021 15:42:06] WARNING: [pool www] child 23 said into stderr: "NOTICE: PHP message: PHP Fatal error:  Uncaught Error: Call to a member function fetch_all() on bool in /var/www/html/src/Model/TypeModel.php:13"
[09-Dec-2021 15:42:06] WARNING: [pool www] child 23 said into stderr: "Stack trace:"
[09-Dec-2021 15:42:06] WARNING: [pool www] child 23 said into stderr: "#0 /var/www/html/views/Shop/Navigation.php(13): webLazy\Model\TypeModel::selectAll()"
[09-Dec-2021 15:42:06] WARNING: [pool www] child 23 said into stderr: "#1 /var/www/html/views/Shop/header.php(203): require_once('/var/www/html/v...')"
[09-Dec-2021 15:42:06] WARNING: [pool www] child 23 said into stderr: "#2 /var/www/html/views/Shop/home.php(6): require_once('/var/www/html/v...')"
[09-Dec-2021 15:42:06] WARNING: [pool www] child 23 said into stderr: "#3 /var/www/html/src/Controllers/HomeController.php(11): require_once('/var/www/html/v...')"
[09-Dec-2021 15:42:06] WARNING: [pool www] child 23 said into stderr: "#4 [internal function]: webLazy\Controllers\HomeController->loadView()"
[09-Dec-2021 15:42:06] WARNING: [pool www] child 23 said into stderr: "#5 /var/www/html/src/Core/Route.php(99): call_user_func_array()"
[09-Dec-2021 15:42:06] WARNING: [pool www] child 23 said into stderr: "#6 /var/www/html/src/Core/Route.php(114): webLazy\Core\Route->callAction()"
[09-Dec-2021 15:42:06] WARNING: [pool www] child 23 said into stderr: "#7 /var/www/html/src/Core/Bootstrap.php(20): webLazy\Core\Route->direct()"
[09-Dec-2021 15:42:06] WARNING: [pool www] child 23 said into stderr: "#8 /var/www/html/index.php(9): require_once('/var/www/html/s...')"
[09-Dec-2021 15:42:06] WARNING: [pool www] child 23 said into stderr: "#9 {main}"
[09-Dec-2021 15:42:06] WARNING: [pool www] child 23 said into stderr: "  thrown in /var/www/html/src/Model/TypeModel.php on line 13"
[09-Dec-2021 15:42:14] WARNING: [pool www] child 24 said into stderr: "NOTICE: PHP message: PHP Warning:  mysqli::__construct(): (HY000/2002): No such file or directory in /var/www/html/src/Database/DB.php on line 26"
[09-Dec-2021 15:42:14] WARNING: [pool www] child 24 said into stderr: "NOTICE: PHP message: PHP Warning:  mysqli_set_charset(): Couldn't fetch mysqli in /var/www/html/src/Database/DB.php on line 29"
[09-Dec-2021 15:42:14] WARNING: [pool www] child 24 said into stderr: "NOTICE: PHP message: PHP Warning:  mysqli_set_charset(): Couldn't fetch mysqli in /var/www/html/src/Database/DB.php on line 29"
[09-Dec-2021 15:42:14] WARNING: [pool www] child 24 said into stderr: "NOTICE: PHP message: PHP Warning:  mysqli::query(): Couldn't fetch mysqli in /var/www/html/src/Model/TypeModel.php on line 13"
[09-Dec-2021 15:42:14] WARNING: [pool www] child 24 said into stderr: "NOTICE: PHP message: PHP Fatal error:  Uncaught Error: Call to a member function fetch_all() on bool in /var/www/html/src/Model/TypeModel.php:13"
[09-Dec-2021 15:42:14] WARNING: [pool www] child 24 said into stderr: "Stack trace:"
[09-Dec-2021 15:42:14] WARNING: [pool www] child 24 said into stderr: "#0 /var/www/html/views/Shop/Navigation.php(13): webLazy\Model\TypeModel::selectAll()"
[09-Dec-2021 15:42:14] WARNING: [pool www] child 24 said into stderr: "#1 /var/www/html/views/Shop/header.php(203): require_once('/var/www/html/v...')"
[09-Dec-2021 15:42:14] WARNING: [pool www] child 24 said into stderr: "#2 /var/www/html/views/Shop/home.php(6): require_once('/var/www/html/v...')"
[09-Dec-2021 15:42:14] WARNING: [pool www] child 24 said into stderr: "#3 /var/www/html/src/Controllers/HomeController.php(11): require_once('/var/www/html/v...')"
[09-Dec-2021 15:42:14] WARNING: [pool www] child 24 said into stderr: "#4 [internal function]: webLazy\Controllers\HomeController->loadView()"
[09-Dec-2021 15:42:14] WARNING: [pool www] child 24 said into stderr: "#5 /var/www/html/src/Core/Route.php(99): call_user_func_array()"
[09-Dec-2021 15:42:14] WARNING: [pool www] child 24 said into stderr: "#6 /var/www/html/src/Core/Route.php(114): webLazy\Core\Route->callAction()"
[09-Dec-2021 15:42:14] WARNING: [pool www] child 24 said into stderr: "#7 /var/www/html/src/Core/Bootstrap.php(20): webLazy\Core\Route->direct()"
[09-Dec-2021 15:42:14] WARNING: [pool www] child 24 said into stderr: "#8 /var/www/html/index.php(9): require_once('/var/www/html/s...')"
[09-Dec-2021 15:42:14] WARNING: [pool www] child 24 said into stderr: "#9 {main}"
[09-Dec-2021 15:42:14] WARNING: [pool www] child 24 said into stderr: "  thrown in /var/www/html/src/Model/TypeModel.php on line 13"
[09-Dec-2021 15:43:51] WARNING: [pool www] child 25 said into stderr: "NOTICE: PHP message: PHP Warning:  mysqli::__construct(): (HY000/2002): No such file or directory in /var/www/html/src/Database/DB.php on line 26"
[09-Dec-2021 15:43:51] WARNING: [pool www] child 25 said into stderr: "NOTICE: PHP message: PHP Warning:  mysqli_set_charset(): Couldn't fetch mysqli in /var/www/html/src/Database/DB.php on line 29"
[09-Dec-2021 15:43:51] WARNING: [pool www] child 25 said into stderr: "NOTICE: PHP message: PHP Warning:  mysqli_set_charset(): Couldn't fetch mysqli in /var/www/html/src/Database/DB.php on line 29"
[09-Dec-2021 15:43:51] WARNING: [pool www] child 25 said into stderr: "NOTICE: PHP message: PHP Warning:  mysqli::query(): Couldn't fetch mysqli in /var/www/html/src/Model/TypeModel.php on line 13"
[09-Dec-2021 15:43:51] WARNING: [pool www] child 25 said into stderr: "NOTICE: PHP message: PHP Fatal error:  Uncaught Error: Call to a member function fetch_all() on bool in /var/www/html/src/Model/TypeModel.php:13"
[09-Dec-2021 15:43:51] WARNING: [pool www] child 25 said into stderr: "Stack trace:"
[09-Dec-2021 15:43:51] WARNING: [pool www] child 25 said into stderr: "#0 /var/www/html/views/Shop/Navigation.php(13): webLazy\Model\TypeModel::selectAll()"
[09-Dec-2021 15:43:51] WARNING: [pool www] child 25 said into stderr: "#1 /var/www/html/views/Shop/header.php(203): require_once('/var/www/html/v...')"
[09-Dec-2021 15:43:51] WARNING: [pool www] child 25 said into stderr: "#2 /var/www/html/views/Shop/home.php(6): require_once('/var/www/html/v...')"
[09-Dec-2021 15:43:51] WARNING: [pool www] child 25 said into stderr: "#3 /var/www/html/src/Controllers/HomeController.php(11): require_once('/var/www/html/v...')"
[09-Dec-2021 15:43:51] WARNING: [pool www] child 25 said into stderr: "#4 [internal function]: webLazy\Controllers\HomeController->loadView()"
[09-Dec-2021 15:43:51] WARNING: [pool www] child 25 said into stderr: "#5 /var/www/html/src/Core/Route.php(99): call_user_func_array()"
[09-Dec-2021 15:43:51] WARNING: [pool www] child 25 said into stderr: "#6 /var/www/html/src/Core/Route.php(114): webLazy\Core\Route->callAction()"
[09-Dec-2021 15:43:51] WARNING: [pool www] child 25 said into stderr: "#7 /var/www/html/src/Core/Bootstrap.php(20): webLazy\Core\Route->direct()"
[09-Dec-2021 15:43:51] WARNING: [pool www] child 25 said into stderr: "#8 /var/www/html/index.php(9): require_once('/var/www/html/s...')"
[09-Dec-2021 15:43:51] WARNING: [pool www] child 25 said into stderr: "#9 {main}"
[09-Dec-2021 15:43:51] WARNING: [pool www] child 25 said into stderr: "  thrown in /var/www/html/src/Model/TypeModel.php on line 13"
[09-Dec-2021 15:44:22] WARNING: [pool www] child 23 said into stderr: "NOTICE: PHP message: PHP Warning:  mysqli::__construct(): (HY000/1045): Access denied for user 'root'@'172.19.0.4' (using password: NO) in /var/www/html/src/Database/DB.php on line 26"
[09-Dec-2021 15:44:22] WARNING: [pool www] child 23 said into stderr: "NOTICE: PHP message: PHP Warning:  mysqli_set_charset(): Couldn't fetch mysqli in /var/www/html/src/Database/DB.php on line 29"
[09-Dec-2021 15:44:22] WARNING: [pool www] child 23 said into stderr: "NOTICE: PHP message: PHP Warning:  mysqli_set_charset(): Couldn't fetch mysqli in /var/www/html/src/Database/DB.php on line 29"
[09-Dec-2021 15:44:22] WARNING: [pool www] child 23 said into stderr: "NOTICE: PHP message: PHP Warning:  mysqli::query(): Couldn't fetch mysqli in /var/www/html/src/Model/TypeModel.php on line 13"
[09-Dec-2021 15:44:22] WARNING: [pool www] child 23 said into stderr: "NOTICE: PHP message: PHP Fatal error:  Uncaught Error: Call to a member function fetch_all() on bool in /var/www/html/src/Model/TypeModel.php:13"
[09-Dec-2021 15:44:22] WARNING: [pool www] child 23 said into stderr: "Stack trace:"
[09-Dec-2021 15:44:22] WARNING: [pool www] child 23 said into stderr: "#0 /var/www/html/views/Shop/Navigation.php(13): webLazy\Model\TypeModel::selectAll()"
[09-Dec-2021 15:44:22] WARNING: [pool www] child 23 said into stderr: "#1 /var/www/html/views/Shop/header.php(203): require_once('/var/www/html/v...')"
[09-Dec-2021 15:44:22] WARNING: [pool www] child 23 said into stderr: "#2 /var/www/html/views/Shop/home.php(6): require_once('/var/www/html/v...')"
[09-Dec-2021 15:44:22] WARNING: [pool www] child 23 said into stderr: "#3 /var/www/html/src/Controllers/HomeController.php(11): require_once('/var/www/html/v...')"
[09-Dec-2021 15:44:22] WARNING: [pool www] child 23 said into stderr: "#4 [internal function]: webLazy\Controllers\HomeController->loadView()"
[09-Dec-2021 15:44:22] WARNING: [pool www] child 23 said into stderr: "#5 /var/www/html/src/Core/Route.php(99): call_user_func_array()"
[09-Dec-2021 15:44:22] WARNING: [pool www] child 23 said into stderr: "#6 /var/www/html/src/Core/Route.php(114): webLazy\Core\Route->callAction()"
[09-Dec-2021 15:44:22] WARNING: [pool www] child 23 said into stderr: "#7 /var/www/html/src/Core/Bootstrap.php(20): webLazy\Core\Route->direct()"
[09-Dec-2021 15:44:22] WARNING: [pool www] child 23 said into stderr: "#8 /var/www/html/index.php(9): require_once('/var/www/html/s...')"
[09-Dec-2021 15:44:22] WARNING: [pool www] child 23 said into stderr: "#9 {main}"
[09-Dec-2021 15:44:22] WARNING: [pool www] child 23 said into stderr: "  thrown in /var/www/html/src/Model/TypeModel.php on line 13"
[09-Dec-2021 15:44:45] WARNING: [pool www] child 24 said into stderr: "NOTICE: PHP message: PHP Warning:  mysqli::__construct(): (HY000/2002): No such file or directory in /var/www/html/src/Database/DB.php on line 26"
[09-Dec-2021 15:44:45] WARNING: [pool www] child 24 said into stderr: "NOTICE: PHP message: PHP Warning:  mysqli_set_charset(): Couldn't fetch mysqli in /var/www/html/src/Database/DB.php on line 29"
[09-Dec-2021 15:44:45] WARNING: [pool www] child 24 said into stderr: "NOTICE: PHP message: PHP Warning:  mysqli_set_charset(): Couldn't fetch mysqli in /var/www/html/src/Database/DB.php on line 29"
[09-Dec-2021 15:44:45] WARNING: [pool www] child 24 said into stderr: "NOTICE: PHP message: PHP Warning:  mysqli::query(): Couldn't fetch mysqli in /var/www/html/src/Model/TypeModel.php on line 13"
[09-Dec-2021 15:44:45] WARNING: [pool www] child 24 said into stderr: "NOTICE: PHP message: PHP Fatal error:  Uncaught Error: Call to a member function fetch_all() on bool in /var/www/html/src/Model/TypeModel.php:13"
[09-Dec-2021 15:44:45] WARNING: [pool www] child 24 said into stderr: "Stack trace:"
[09-Dec-2021 15:44:45] WARNING: [pool www] child 24 said into stderr: "#0 /var/www/html/views/Shop/Navigation.php(13): webLazy\Model\TypeModel::selectAll()"
[09-Dec-2021 15:44:45] WARNING: [pool www] child 24 said into stderr: "#1 /var/www/html/views/Shop/header.php(203): require_once('/var/www/html/v...')"
[09-Dec-2021 15:44:45] WARNING: [pool www] child 24 said into stderr: "#2 /var/www/html/views/Shop/home.php(6): require_once('/var/www/html/v...')"
[09-Dec-2021 15:44:45] WARNING: [pool www] child 24 said into stderr: "#3 /var/www/html/src/Controllers/HomeController.php(11): require_once('/var/www/html/v...')"
[09-Dec-2021 15:44:45] WARNING: [pool www] child 24 said into stderr: "#4 [internal function]: webLazy\Controllers\HomeController->loadView()"
[09-Dec-2021 15:44:45] WARNING: [pool www] child 24 said into stderr: "#5 /var/www/html/src/Core/Route.php(99): call_user_func_array()"
[09-Dec-2021 15:44:45] WARNING: [pool www] child 24 said into stderr: "#6 /var/www/html/src/Core/Route.php(114): webLazy\Core\Route->callAction()"
[09-Dec-2021 15:44:45] WARNING: [pool www] child 24 said into stderr: "#7 /var/www/html/src/Core/Bootstrap.php(20): webLazy\Core\Route->direct()"
[09-Dec-2021 15:44:45] WARNING: [pool www] child 24 said into stderr: "#8 /var/www/html/index.php(9): require_once('/var/www/html/s...')"
[09-Dec-2021 15:44:45] WARNING: [pool www] child 24 said into stderr: "#9 {main}"
[09-Dec-2021 15:44:45] WARNING: [pool www] child 24 said into stderr: "  thrown in /var/www/html/src/Model/TypeModel.php on line 13"
[09-Dec-2021 15:45:35] WARNING: [pool www] child 25 said into stderr: "NOTICE: PHP message: PHP Warning:  mysqli::__construct(): (HY000/1045): Access denied for user 'root'@'172.19.0.4' (using password: YES) in /var/www/html/src/Database/DB.php on line 26"
[09-Dec-2021 15:45:35] WARNING: [pool www] child 25 said into stderr: "NOTICE: PHP message: PHP Warning:  mysqli_set_charset(): Couldn't fetch mysqli in /var/www/html/src/Database/DB.php on line 29"
[09-Dec-2021 15:45:35] WARNING: [pool www] child 25 said into stderr: "NOTICE: PHP message: PHP Warning:  mysqli_set_charset(): Couldn't fetch mysqli in /var/www/html/src/Database/DB.php on line 29"
[09-Dec-2021 15:45:35] WARNING: [pool www] child 25 said into stderr: "NOTICE: PHP message: PHP Warning:  mysqli::query(): Couldn't fetch mysqli in /var/www/html/src/Model/TypeModel.php on line 13"
[09-Dec-2021 15:45:35] WARNING: [pool www] child 25 said into stderr: "NOTICE: PHP message: PHP Fatal error:  Uncaught Error: Call to a member function fetch_all() on bool in /var/www/html/src/Model/TypeModel.php:13"
[09-Dec-2021 15:45:35] WARNING: [pool www] child 25 said into stderr: "Stack trace:"
[09-Dec-2021 15:45:35] WARNING: [pool www] child 25 said into stderr: "#0 /var/www/html/views/Shop/Navigation.php(13): webLazy\Model\TypeModel::selectAll()"
[09-Dec-2021 15:45:35] WARNING: [pool www] child 25 said into stderr: "#1 /var/www/html/views/Shop/header.php(203): require_once('/var/www/html/v...')"
[09-Dec-2021 15:45:35] WARNING: [pool www] child 25 said into stderr: "#2 /var/www/html/views/Shop/home.php(6): require_once('/var/www/html/v...')"
[09-Dec-2021 15:45:35] WARNING: [pool www] child 25 said into stderr: "#3 /var/www/html/src/Controllers/HomeController.php(11): require_once('/var/www/html/v...')"
[09-Dec-2021 15:45:35] WARNING: [pool www] child 25 said into stderr: "#4 [internal function]: webLazy\Controllers\HomeController->loadView()"
[09-Dec-2021 15:45:35] WARNING: [pool www] child 25 said into stderr: "#5 /var/www/html/src/Core/Route.php(99): call_user_func_array()"
[09-Dec-2021 15:45:35] WARNING: [pool www] child 25 said into stderr: "#6 /var/www/html/src/Core/Route.php(114): webLazy\Core\Route->callAction()"
[09-Dec-2021 15:45:35] WARNING: [pool www] child 25 said into stderr: "#7 /var/www/html/src/Core/Bootstrap.php(20): webLazy\Core\Route->direct()"
[09-Dec-2021 15:45:35] WARNING: [pool www] child 25 said into stderr: "#8 /var/www/html/index.php(9): require_once('/var/www/html/s...')"
[09-Dec-2021 15:45:35] WARNING: [pool www] child 25 said into stderr: "#9 {main}"
[09-Dec-2021 15:45:35] WARNING: [pool www] child 25 said into stderr: "  thrown in /var/www/html/src/Model/TypeModel.php on line 13"
[09-Dec-2021 15:45:37] WARNING: [pool www] child 23 said into stderr: "NOTICE: PHP message: PHP Warning:  mysqli::__construct(): (HY000/1045): Access denied for user 'root'@'172.19.0.4' (using password: YES) in /var/www/html/src/Database/DB.php on line 26"
[09-Dec-2021 15:45:37] WARNING: [pool www] child 23 said into stderr: "NOTICE: PHP message: PHP Warning:  mysqli_set_charset(): Couldn't fetch mysqli in /var/www/html/src/Database/DB.php on line 29"
[09-Dec-2021 15:45:37] WARNING: [pool www] child 23 said into stderr: "NOTICE: PHP message: PHP Warning:  mysqli_set_charset(): Couldn't fetch mysqli in /var/www/html/src/Database/DB.php on line 29"
[09-Dec-2021 15:45:37] WARNING: [pool www] child 23 said into stderr: "NOTICE: PHP message: PHP Warning:  mysqli::query(): Couldn't fetch mysqli in /var/www/html/src/Model/TypeModel.php on line 13"
[09-Dec-2021 15:45:37] WARNING: [pool www] child 23 said into stderr: "NOTICE: PHP message: PHP Fatal error:  Uncaught Error: Call to a member function fetch_all() on bool in /var/www/html/src/Model/TypeModel.php:13"
[09-Dec-2021 15:45:37] WARNING: [pool www] child 23 said into stderr: "Stack trace:"
[09-Dec-2021 15:45:37] WARNING: [pool www] child 23 said into stderr: "#0 /var/www/html/views/Shop/Navigation.php(13): webLazy\Model\TypeModel::selectAll()"
[09-Dec-2021 15:45:37] WARNING: [pool www] child 23 said into stderr: "#1 /var/www/html/views/Shop/header.php(203): require_once('/var/www/html/v...')"
[09-Dec-2021 15:45:37] WARNING: [pool www] child 23 said into stderr: "#2 /var/www/html/views/Shop/home.php(6): require_once('/var/www/html/v...')"
[09-Dec-2021 15:45:37] WARNING: [pool www] child 23 said into stderr: "#3 /var/www/html/src/Controllers/HomeController.php(11): require_once('/var/www/html/v...')"
[09-Dec-2021 15:45:37] WARNING: [pool www] child 23 said into stderr: "#4 [internal function]: webLazy\Controllers\HomeController->loadView()"
[09-Dec-2021 15:45:37] WARNING: [pool www] child 23 said into stderr: "#5 /var/www/html/src/Core/Route.php(99): call_user_func_array()"
[09-Dec-2021 15:45:37] WARNING: [pool www] child 23 said into stderr: "#6 /var/www/html/src/Core/Route.php(114): webLazy\Core\Route->callAction()"
[09-Dec-2021 15:45:37] WARNING: [pool www] child 23 said into stderr: "#7 /var/www/html/src/Core/Bootstrap.php(20): webLazy\Core\Route->direct()"
[09-Dec-2021 15:45:37] WARNING: [pool www] child 23 said into stderr: "#8 /var/www/html/index.php(9): require_once('/var/www/html/s...')"
[09-Dec-2021 15:45:37] WARNING: [pool www] child 23 said into stderr: "#9 {main}"
[09-Dec-2021 15:45:37] WARNING: [pool www] child 23 said into stderr: "  thrown in /var/www/html/src/Model/TypeModel.php on line 13"
[09-Dec-2021 15:48:34] WARNING: [pool www] child 23 said into stderr: "NOTICE: PHP message: PHP Notice:  Undefined index: Email in /var/www/html/src/Controllers/SignInController.php on line 30"
[10-Dec-2021 06:26:01] NOTICE: fpm is running, pid 17
[10-Dec-2021 06:26:01] NOTICE: ready to handle connections
[10-Dec-2021 06:26:01] NOTICE: systemd monitor interval set to 10000ms
[11-Dec-2021 00:47:59] NOTICE: fpm is running, pid 17
[11-Dec-2021 00:47:59] NOTICE: ready to handle connections
[11-Dec-2021 00:47:59] NOTICE: systemd monitor interval set to 10000ms
[11-Dec-2021 14:53:55] NOTICE: fpm is running, pid 19
[11-Dec-2021 14:53:55] NOTICE: ready to handle connections
[11-Dec-2021 14:53:55] NOTICE: systemd monitor interval set to 10000ms
[11-Dec-2021 14:56:28] WARNING: [pool www] child 26 said into stderr: "NOTICE: PHP message: PHP Notice:  Undefined offset: 1 in /var/www/html/views/Shop/Blogs/Seachs/searchLoaiTin.php on line 2"
[11-Dec-2021 15:03:55] WARNING: [pool www] child 26 said into stderr: "NOTICE: PHP message: PHP Notice:  Trying to get property 'num_rows' of non-object in /var/www/html/src/Model/CommentModel.php on line 37"
[11-Dec-2021 15:03:55] WARNING: [pool www] child 26 said into stderr: "NOTICE: PHP message: PHP Fatal error:  Uncaught Error: Call to a member function fetch_all() on bool in /var/www/html/src/Model/CommentModel.php:37"
[11-Dec-2021 15:03:55] WARNING: [pool www] child 26 said into stderr: "Stack trace:"
[11-Dec-2021 15:03:55] WARNING: [pool www] child 26 said into stderr: "#0 /var/www/html/views/Shop/CTSP/CTSPview.php(182): webLazy\Model\CommentModel::countCommentProduct()"
[11-Dec-2021 15:03:55] WARNING: [pool www] child 26 said into stderr: "#1 /var/www/html/src/Controllers/CTSPController.php(11): require_once('/var/www/html/v...')"
[11-Dec-2021 15:03:55] WARNING: [pool www] child 26 said into stderr: "#2 [internal function]: webLazy\Controllers\CTSPController->loadView()"
[11-Dec-2021 15:03:55] WARNING: [pool www] child 26 said into stderr: "#3 /var/www/html/src/Core/Route.php(99): call_user_func_array()"
[11-Dec-2021 15:03:55] WARNING: [pool www] child 26 said into stderr: "#4 /var/www/html/src/Core/Route.php(114): webLazy\Core\Route->callAction()"
[11-Dec-2021 15:03:55] WARNING: [pool www] child 26 said into stderr: "#5 /var/www/html/src/Core/Bootstrap.php(20): webLazy\Core\Route->direct()"
[11-Dec-2021 15:03:55] WARNING: [pool www] child 26 said into stderr: "#6 /var/www/html/index.php(9): require_once('/var/www/html/s...')"
[11-Dec-2021 15:03:55] WARNING: [pool www] child 26 said into stderr: "#7 {main}"
[11-Dec-2021 15:03:55] WARNING: [pool www] child 26 said into stderr: "  thrown in /var/www/html/src/Model/CommentModel.php on line 37"
[11-Dec-2021 15:07:39] WARNING: [pool www] child 26 said into stderr: "NOTICE: PHP message: PHP Notice:  Trying to get property 'num_rows' of non-object in /var/www/html/src/Model/CommentModel.php on line 37"
[11-Dec-2021 15:07:39] WARNING: [pool www] child 26 said into stderr: "NOTICE: PHP message: PHP Fatal error:  Uncaught Error: Call to a member function fetch_all() on bool in /var/www/html/src/Model/CommentModel.php:37"
[11-Dec-2021 15:07:39] WARNING: [pool www] child 26 said into stderr: "Stack trace:"
[11-Dec-2021 15:07:39] WARNING: [pool www] child 26 said into stderr: "#0 /var/www/html/views/Shop/CTSP/CTSPview.php(182): webLazy\Model\CommentModel::countCommentProduct()"
[11-Dec-2021 15:07:39] WARNING: [pool www] child 26 said into stderr: "#1 /var/www/html/src/Controllers/CTSPController.php(11): require_once('/var/www/html/v...')"
[11-Dec-2021 15:07:39] WARNING: [pool www] child 26 said into stderr: "#2 [internal function]: webLazy\Controllers\CTSPController->loadView()"
[11-Dec-2021 15:07:39] WARNING: [pool www] child 26 said into stderr: "#3 /var/www/html/src/Core/Route.php(99): call_user_func_array()"
[11-Dec-2021 15:07:39] WARNING: [pool www] child 26 said into stderr: "#4 /var/www/html/src/Core/Route.php(114): webLazy\Core\Route->callAction()"
[11-Dec-2021 15:07:39] WARNING: [pool www] child 26 said into stderr: "#5 /var/www/html/src/Core/Bootstrap.php(20): webLazy\Core\Route->direct()"
[11-Dec-2021 15:07:39] WARNING: [pool www] child 26 said into stderr: "#6 /var/www/html/index.php(9): require_once('/var/www/html/s...')"
[11-Dec-2021 15:07:39] WARNING: [pool www] child 26 said into stderr: "#7 {main}"
[11-Dec-2021 15:07:39] WARNING: [pool www] child 26 said into stderr: "  thrown in /var/www/html/src/Model/CommentModel.php on line 37"
[11-Dec-2021 15:14:34] WARNING: [pool www] child 26 said into stderr: "NOTICE: PHP message: PHP Notice:  Trying to get property 'num_rows' of non-object in /var/www/html/src/Model/CommentModel.php on line 37"
[11-Dec-2021 15:14:34] WARNING: [pool www] child 26 said into stderr: "NOTICE: PHP message: PHP Fatal error:  Uncaught Error: Call to a member function fetch_all() on bool in /var/www/html/src/Model/CommentModel.php:37"
[11-Dec-2021 15:14:34] WARNING: [pool www] child 26 said into stderr: "Stack trace:"
[11-Dec-2021 15:14:34] WARNING: [pool www] child 26 said into stderr: "#0 /var/www/html/views/Shop/CTSP/CTSPview.php(182): webLazy\Model\CommentModel::countCommentProduct()"
[11-Dec-2021 15:14:34] WARNING: [pool www] child 26 said into stderr: "#1 /var/www/html/src/Controllers/CTSPController.php(11): require_once('/var/www/html/v...')"
[11-Dec-2021 15:14:34] WARNING: [pool www] child 26 said into stderr: "#2 [internal function]: webLazy\Controllers\CTSPController->loadView()"
[11-Dec-2021 15:14:34] WARNING: [pool www] child 26 said into stderr: "#3 /var/www/html/src/Core/Route.php(99): call_user_func_array()"
[11-Dec-2021 15:14:34] WARNING: [pool www] child 26 said into stderr: "#4 /var/www/html/src/Core/Route.php(114): webLazy\Core\Route->callAction()"
[11-Dec-2021 15:14:34] WARNING: [pool www] child 26 said into stderr: "#5 /var/www/html/src/Core/Bootstrap.php(20): webLazy\Core\Route->direct()"
[11-Dec-2021 15:14:34] WARNING: [pool www] child 26 said into stderr: "#6 /var/www/html/index.php(9): require_once('/var/www/html/s...')"
[11-Dec-2021 15:14:34] WARNING: [pool www] child 26 said into stderr: "#7 {main}"
[11-Dec-2021 15:14:34] WARNING: [pool www] child 26 said into stderr: "  thrown in /var/www/html/src/Model/CommentModel.php on line 37"
[13-Dec-2021 13:51:21] NOTICE: fpm is running, pid 17
[13-Dec-2021 13:51:21] NOTICE: ready to handle connections
[13-Dec-2021 13:51:21] NOTICE: systemd monitor interval set to 10000ms
[13-Dec-2021 13:54:33] WARNING: [pool www] child 25 said into stderr: "NOTICE: PHP message: PHP Notice:  Trying to get property 'num_rows' of non-object in /var/www/html/src/Model/CommentModel.php on line 37"
[13-Dec-2021 13:54:33] WARNING: [pool www] child 25 said into stderr: "NOTICE: PHP message: PHP Fatal error:  Uncaught Error: Call to a member function fetch_all() on bool in /var/www/html/src/Model/CommentModel.php:37"
[13-Dec-2021 13:54:33] WARNING: [pool www] child 25 said into stderr: "Stack trace:"
[13-Dec-2021 13:54:33] WARNING: [pool www] child 25 said into stderr: "#0 /var/www/html/views/Shop/CTSP/CTSPview.php(182): webLazy\Model\CommentModel::countCommentProduct()"
[13-Dec-2021 13:54:33] WARNING: [pool www] child 25 said into stderr: "#1 /var/www/html/src/Controllers/CTSPController.php(11): require_once('/var/www/html/v...')"
[13-Dec-2021 13:54:33] WARNING: [pool www] child 25 said into stderr: "#2 [internal function]: webLazy\Controllers\CTSPController->loadView()"
[13-Dec-2021 13:54:33] WARNING: [pool www] child 25 said into stderr: "#3 /var/www/html/src/Core/Route.php(99): call_user_func_array()"
[13-Dec-2021 13:54:33] WARNING: [pool www] child 25 said into stderr: "#4 /var/www/html/src/Core/Route.php(114): webLazy\Core\Route->callAction()"
[13-Dec-2021 13:54:33] WARNING: [pool www] child 25 said into stderr: "#5 /var/www/html/src/Core/Bootstrap.php(20): webLazy\Core\Route->direct()"
[13-Dec-2021 13:54:33] WARNING: [pool www] child 25 said into stderr: "#6 /var/www/html/index.php(9): require_once('/var/www/html/s...')"
[13-Dec-2021 13:54:33] WARNING: [pool www] child 25 said into stderr: "#7 {main}"
[13-Dec-2021 13:54:33] WARNING: [pool www] child 25 said into stderr: "  thrown in /var/www/html/src/Model/CommentModel.php on line 37"
[15-Dec-2021 03:10:37] NOTICE: fpm is running, pid 16
[15-Dec-2021 03:10:37] NOTICE: ready to handle connections
[15-Dec-2021 03:10:37] NOTICE: systemd monitor interval set to 10000ms
[15-Dec-2021 03:12:33] WARNING: [pool www] child 20 said into stderr: "NOTICE: PHP message: PHP Fatal error:  Uncaught Error: Call to a member function fetch_all() on bool in /var/www/html/src/Model/TypeModel.php:13"
[15-Dec-2021 03:12:33] WARNING: [pool www] child 20 said into stderr: "Stack trace:"
[15-Dec-2021 03:12:33] WARNING: [pool www] child 20 said into stderr: "#0 /var/www/html/views/Shop/Navigation.php(13): webLazy\Model\TypeModel::selectAll()"
[15-Dec-2021 03:12:33] WARNING: [pool www] child 20 said into stderr: "#1 /var/www/html/views/Shop/header.php(203): require_once('/var/www/html/v...')"
[15-Dec-2021 03:12:33] WARNING: [pool www] child 20 said into stderr: "#2 /var/www/html/views/Shop/home.php(6): require_once('/var/www/html/v...')"
[15-Dec-2021 03:12:33] WARNING: [pool www] child 20 said into stderr: "#3 /var/www/html/src/Controllers/HomeController.php(11): require_once('/var/www/html/v...')"
[15-Dec-2021 03:12:33] WARNING: [pool www] child 20 said into stderr: "#4 [internal function]: webLazy\Controllers\HomeController->loadView()"
[15-Dec-2021 03:12:33] WARNING: [pool www] child 20 said into stderr: "#5 /var/www/html/src/Core/Route.php(99): call_user_func_array()"
[15-Dec-2021 03:12:33] WARNING: [pool www] child 20 said into stderr: "#6 /var/www/html/src/Core/Route.php(114): webLazy\Core\Route->callAction()"
[15-Dec-2021 03:12:33] WARNING: [pool www] child 20 said into stderr: "#7 /var/www/html/src/Core/Bootstrap.php(20): webLazy\Core\Route->direct()"
[15-Dec-2021 03:12:33] WARNING: [pool www] child 20 said into stderr: "#8 /var/www/html/index.php(9): require_once('/var/www/html/s...')"
[15-Dec-2021 03:12:33] WARNING: [pool www] child 20 said into stderr: "#9 {main}"
[15-Dec-2021 03:12:33] WARNING: [pool www] child 20 said into stderr: "  thrown in /var/www/html/src/Model/TypeModel.php on line 13"
[15-Dec-2021 03:12:38] WARNING: [pool www] child 21 said into stderr: "NOTICE: PHP message: PHP Fatal error:  Uncaught Error: Call to a member function fetch_all() on bool in /var/www/html/src/Model/TypeModel.php:13"
[15-Dec-2021 03:12:38] WARNING: [pool www] child 21 said into stderr: "Stack trace:"
[15-Dec-2021 03:12:38] WARNING: [pool www] child 21 said into stderr: "#0 /var/www/html/views/Shop/Navigation.php(13): webLazy\Model\TypeModel::selectAll()"
[15-Dec-2021 03:12:38] WARNING: [pool www] child 21 said into stderr: "#1 /var/www/html/views/Shop/header.php(203): require_once('/var/www/html/v...')"
[15-Dec-2021 03:12:38] WARNING: [pool www] child 21 said into stderr: "#2 /var/www/html/views/Shop/home.php(6): require_once('/var/www/html/v...')"
[15-Dec-2021 03:12:38] WARNING: [pool www] child 21 said into stderr: "#3 /var/www/html/src/Controllers/HomeController.php(11): require_once('/var/www/html/v...')"
[15-Dec-2021 03:12:38] WARNING: [pool www] child 21 said into stderr: "#4 [internal function]: webLazy\Controllers\HomeController->loadView()"
[15-Dec-2021 03:12:38] WARNING: [pool www] child 21 said into stderr: "#5 /var/www/html/src/Core/Route.php(99): call_user_func_array()"
[15-Dec-2021 03:12:38] WARNING: [pool www] child 21 said into stderr: "#6 /var/www/html/src/Core/Route.php(114): webLazy\Core\Route->callAction()"
[15-Dec-2021 03:12:38] WARNING: [pool www] child 21 said into stderr: "#7 /var/www/html/src/Core/Bootstrap.php(20): webLazy\Core\Route->direct()"
[15-Dec-2021 03:12:38] WARNING: [pool www] child 21 said into stderr: "#8 /var/www/html/index.php(9): require_once('/var/www/html/s...')"
[15-Dec-2021 03:12:38] WARNING: [pool www] child 21 said into stderr: "#9 {main}"
[15-Dec-2021 03:12:38] WARNING: [pool www] child 21 said into stderr: "  thrown in /var/www/html/src/Model/TypeModel.php on line 13"
[15-Dec-2021 03:25:13] NOTICE: fpm is running, pid 17
[15-Dec-2021 03:25:13] NOTICE: ready to handle connections
[15-Dec-2021 03:25:13] NOTICE: systemd monitor interval set to 10000ms
[15-Dec-2021 03:30:55] NOTICE: fpm is running, pid 19
[15-Dec-2021 03:30:55] NOTICE: ready to handle connections
[15-Dec-2021 03:30:55] NOTICE: systemd monitor interval set to 10000ms
[15-Dec-2021 03:35:18] WARNING: [pool www] child 23 said into stderr: "NOTICE: PHP message: PHP Fatal error:  Uncaught Error: Call to a member function fetch_all() on bool in /var/www/html/src/Model/TypeModel.php:13"
[15-Dec-2021 03:35:18] WARNING: [pool www] child 23 said into stderr: "Stack trace:"
[15-Dec-2021 03:35:18] WARNING: [pool www] child 23 said into stderr: "#0 /var/www/html/views/Shop/Navigation.php(13): webLazy\Model\TypeModel::selectAll()"
[15-Dec-2021 03:35:18] WARNING: [pool www] child 23 said into stderr: "#1 /var/www/html/views/Shop/header.php(203): require_once('/var/www/html/v...')"
[15-Dec-2021 03:35:18] WARNING: [pool www] child 23 said into stderr: "#2 /var/www/html/views/Shop/home.php(6): require_once('/var/www/html/v...')"
[15-Dec-2021 03:35:18] WARNING: [pool www] child 23 said into stderr: "#3 /var/www/html/src/Controllers/HomeController.php(11): require_once('/var/www/html/v...')"
[15-Dec-2021 03:35:18] WARNING: [pool www] child 23 said into stderr: "#4 [internal function]: webLazy\Controllers\HomeController->loadView()"
[15-Dec-2021 03:35:18] WARNING: [pool www] child 23 said into stderr: "#5 /var/www/html/src/Core/Route.php(99): call_user_func_array()"
[15-Dec-2021 03:35:18] WARNING: [pool www] child 23 said into stderr: "#6 /var/www/html/src/Core/Route.php(114): webLazy\Core\Route->callAction()"
[15-Dec-2021 03:35:18] WARNING: [pool www] child 23 said into stderr: "#7 /var/www/html/src/Core/Bootstrap.php(20): webLazy\Core\Route->direct()"
[15-Dec-2021 03:35:18] WARNING: [pool www] child 23 said into stderr: "#8 /var/www/html/index.php(9): require_once('/var/www/html/s...')"
[15-Dec-2021 03:35:18] WARNING: [pool www] child 23 said into stderr: "#9 {main}"
[15-Dec-2021 03:35:18] WARNING: [pool www] child 23 said into stderr: "  thrown in /var/www/html/src/Model/TypeModel.php on line 13"
[15-Dec-2021 03:36:29] NOTICE: fpm is running, pid 17
[15-Dec-2021 03:36:29] NOTICE: ready to handle connections
[15-Dec-2021 03:36:29] NOTICE: systemd monitor interval set to 10000ms
[15-Dec-2021 03:37:26] WARNING: [pool www] child 22 said into stderr: "NOTICE: PHP message: PHP Fatal error:  Uncaught Error: Call to a member function fetch_all() on bool in /var/www/html/src/Model/TypeModel.php:13"
[15-Dec-2021 03:37:26] WARNING: [pool www] child 22 said into stderr: "Stack trace:"
[15-Dec-2021 03:37:26] WARNING: [pool www] child 22 said into stderr: "#0 /var/www/html/views/Shop/Navigation.php(13): webLazy\Model\TypeModel::selectAll()"
[15-Dec-2021 03:37:26] WARNING: [pool www] child 22 said into stderr: "#1 /var/www/html/views/Shop/header.php(203): require_once('/var/www/html/v...')"
[15-Dec-2021 03:37:26] WARNING: [pool www] child 22 said into stderr: "#2 /var/www/html/views/Shop/home.php(6): require_once('/var/www/html/v...')"
[15-Dec-2021 03:37:26] WARNING: [pool www] child 22 said into stderr: "#3 /var/www/html/src/Controllers/HomeController.php(11): require_once('/var/www/html/v...')"
[15-Dec-2021 03:37:26] WARNING: [pool www] child 22 said into stderr: "#4 [internal function]: webLazy\Controllers\HomeController->loadView()"
[15-Dec-2021 03:37:26] WARNING: [pool www] child 22 said into stderr: "#5 /var/www/html/src/Core/Route.php(99): call_user_func_array()"
[15-Dec-2021 03:37:26] WARNING: [pool www] child 22 said into stderr: "#6 /var/www/html/src/Core/Route.php(114): webLazy\Core\Route->callAction()"
[15-Dec-2021 03:37:26] WARNING: [pool www] child 22 said into stderr: "#7 /var/www/html/src/Core/Bootstrap.php(20): webLazy\Core\Route->direct()"
[15-Dec-2021 03:37:26] WARNING: [pool www] child 22 said into stderr: "#8 /var/www/html/index.php(9): require_once('/var/www/html/s...')"
[15-Dec-2021 03:37:26] WARNING: [pool www] child 22 said into stderr: "#9 {main}"
[15-Dec-2021 03:37:26] WARNING: [pool www] child 22 said into stderr: "  thrown in /var/www/html/src/Model/TypeModel.php on line 13"
[15-Dec-2021 03:38:20] WARNING: [pool www] child 22 said into stderr: "NOTICE: PHP message: PHP Notice:  Trying to get property 'num_rows' of non-object in /var/www/html/src/Model/CommentModel.php on line 37"
[15-Dec-2021 03:38:20] WARNING: [pool www] child 22 said into stderr: "NOTICE: PHP message: PHP Fatal error:  Uncaught Error: Call to a member function fetch_all() on bool in /var/www/html/src/Model/CommentModel.php:37"
[15-Dec-2021 03:38:20] WARNING: [pool www] child 22 said into stderr: "Stack trace:"
[15-Dec-2021 03:38:20] WARNING: [pool www] child 22 said into stderr: "#0 /var/www/html/views/Shop/CTSP/CTSPview.php(182): webLazy\Model\CommentModel::countCommentProduct()"
[15-Dec-2021 03:38:20] WARNING: [pool www] child 22 said into stderr: "#1 /var/www/html/src/Controllers/CTSPController.php(11): require_once('/var/www/html/v...')"
[15-Dec-2021 03:38:20] WARNING: [pool www] child 22 said into stderr: "#2 [internal function]: webLazy\Controllers\CTSPController->loadView()"
[15-Dec-2021 03:38:20] WARNING: [pool www] child 22 said into stderr: "#3 /var/www/html/src/Core/Route.php(99): call_user_func_array()"
[15-Dec-2021 03:38:20] WARNING: [pool www] child 22 said into stderr: "#4 /var/www/html/src/Core/Route.php(114): webLazy\Core\Route->callAction()"
[15-Dec-2021 03:38:20] WARNING: [pool www] child 22 said into stderr: "#5 /var/www/html/src/Core/Bootstrap.php(20): webLazy\Core\Route->direct()"
[15-Dec-2021 03:38:20] WARNING: [pool www] child 22 said into stderr: "#6 /var/www/html/index.php(9): require_once('/var/www/html/s...')"
[15-Dec-2021 03:38:20] WARNING: [pool www] child 22 said into stderr: "#7 {main}"
[15-Dec-2021 03:38:20] WARNING: [pool www] child 22 said into stderr: "  thrown in /var/www/html/src/Model/CommentModel.php on line 37"
[15-Dec-2021 04:41:05] WARNING: [pool www] child 23 said into stderr: "NOTICE: PHP message: PHP Fatal error:  Uncaught Error: Class 'webLazy\API\Products/ProductsAPI' not found in /var/www/html/src/Core/Route.php:96"
[15-Dec-2021 04:41:05] WARNING: [pool www] child 23 said into stderr: "Stack trace:"
[15-Dec-2021 04:41:05] WARNING: [pool www] child 23 said into stderr: "#0 /var/www/html/src/Core/Route.php(114): webLazy\Core\Route->callAction()"
[15-Dec-2021 04:41:05] WARNING: [pool www] child 23 said into stderr: "#1 /var/www/html/src/Core/Bootstrap.php(28): webLazy\Core\Route->direct()"
[15-Dec-2021 04:41:05] WARNING: [pool www] child 23 said into stderr: "#2 /var/www/html/index.php(9): require_once('/var/www/html/s...')"
[15-Dec-2021 04:41:05] WARNING: [pool www] child 23 said into stderr: "#3 {main}"
[15-Dec-2021 04:41:05] WARNING: [pool www] child 23 said into stderr: "  thrown in /var/www/html/src/Core/Route.php on line 96"
[16-Dec-2021 07:07:44] NOTICE: fpm is running, pid 17
[16-Dec-2021 07:07:44] NOTICE: ready to handle connections
[16-Dec-2021 07:07:44] NOTICE: systemd monitor interval set to 10000ms
[16-Dec-2021 07:08:15] WARNING: [pool www] child 23 said into stderr: "NOTICE: PHP message: PHP Warning:  mysqli::__construct(): (HY000/1044): Access denied for user 'vuongkma'@'%' to database 'webLazy' in /var/www/html/src/Database/DB.php on line 26"
[16-Dec-2021 07:08:15] WARNING: [pool www] child 23 said into stderr: "NOTICE: PHP message: PHP Warning:  mysqli_set_charset(): Couldn't fetch mysqli in /var/www/html/src/Database/DB.php on line 29"
[16-Dec-2021 07:08:15] WARNING: [pool www] child 23 said into stderr: "NOTICE: PHP message: PHP Warning:  mysqli_set_charset(): Couldn't fetch mysqli in /var/www/html/src/Database/DB.php on line 29"
[16-Dec-2021 07:08:15] WARNING: [pool www] child 23 said into stderr: "NOTICE: PHP message: PHP Warning:  mysqli::query(): Couldn't fetch mysqli in /var/www/html/src/Model/TypeModel.php on line 13"
[16-Dec-2021 07:08:15] WARNING: [pool www] child 23 said into stderr: "NOTICE: PHP message: PHP Fatal error:  Uncaught Error: Call to a member function fetch_all() on bool in /var/www/html/src/Model/TypeModel.php:13"
[16-Dec-2021 07:08:15] WARNING: [pool www] child 23 said into stderr: "Stack trace:"
[16-Dec-2021 07:08:15] WARNING: [pool www] child 23 said into stderr: "#0 /var/www/html/views/Shop/Navigation.php(13): webLazy\Model\TypeModel::selectAll()"
[16-Dec-2021 07:08:15] WARNING: [pool www] child 23 said into stderr: "#1 /var/www/html/views/Shop/header.php(203): require_once('/var/www/html/v...')"
[16-Dec-2021 07:08:15] WARNING: [pool www] child 23 said into stderr: "#2 /var/www/html/views/Shop/home.php(6): require_once('/var/www/html/v...')"
[16-Dec-2021 07:08:15] WARNING: [pool www] child 23 said into stderr: "#3 /var/www/html/src/Controllers/HomeController.php(11): require_once('/var/www/html/v...')"
[16-Dec-2021 07:08:15] WARNING: [pool www] child 23 said into stderr: "#4 [internal function]: webLazy\Controllers\HomeController->loadView()"
[16-Dec-2021 07:08:15] WARNING: [pool www] child 23 said into stderr: "#5 /var/www/html/src/Core/Route.php(99): call_user_func_array()"
[16-Dec-2021 07:08:15] WARNING: [pool www] child 23 said into stderr: "#6 /var/www/html/src/Core/Route.php(114): webLazy\Core\Route->callAction()"
[16-Dec-2021 07:08:15] WARNING: [pool www] child 23 said into stderr: "#7 /var/www/html/src/Core/Bootstrap.php(28): webLazy\Core\Route->direct()"
[16-Dec-2021 07:08:15] WARNING: [pool www] child 23 said into stderr: "#8 /var/www/html/index.php(9): require_once('/var/www/html/s...')"
[16-Dec-2021 07:08:15] WARNING: [pool www] child 23 said into stderr: "#9 {main}"
[16-Dec-2021 07:08:15] WARNING: [pool www] child 23 said into stderr: "  thrown in /var/www/html/src/Model/TypeModel.php on line 13"
[16-Dec-2021 07:08:54] WARNING: [pool www] child 25 said into stderr: "NOTICE: PHP message: PHP Warning:  mysqli::__construct(): (HY000/1044): Access denied for user 'vuongkma'@'%' to database 'webLazy' in /var/www/html/src/Database/DB.php on line 26"
[16-Dec-2021 07:08:54] WARNING: [pool www] child 25 said into stderr: "NOTICE: PHP message: PHP Warning:  mysqli_set_charset(): Couldn't fetch mysqli in /var/www/html/src/Database/DB.php on line 29"
[16-Dec-2021 07:08:54] WARNING: [pool www] child 25 said into stderr: "NOTICE: PHP message: PHP Warning:  mysqli_set_charset(): Couldn't fetch mysqli in /var/www/html/src/Database/DB.php on line 29"
[16-Dec-2021 07:08:54] WARNING: [pool www] child 25 said into stderr: "NOTICE: PHP message: PHP Warning:  mysqli::query(): Couldn't fetch mysqli in /var/www/html/src/Model/TypeModel.php on line 13"
[16-Dec-2021 07:08:54] WARNING: [pool www] child 25 said into stderr: "NOTICE: PHP message: PHP Fatal error:  Uncaught Error: Call to a member function fetch_all() on bool in /var/www/html/src/Model/TypeModel.php:13"
[16-Dec-2021 07:08:54] WARNING: [pool www] child 25 said into stderr: "Stack trace:"
[16-Dec-2021 07:08:54] WARNING: [pool www] child 25 said into stderr: "#0 /var/www/html/views/Shop/Navigation.php(13): webLazy\Model\TypeModel::selectAll()"
[16-Dec-2021 07:08:54] WARNING: [pool www] child 25 said into stderr: "#1 /var/www/html/views/Shop/header.php(203): require_once('/var/www/html/v...')"
[16-Dec-2021 07:08:54] WARNING: [pool www] child 25 said into stderr: "#2 /var/www/html/views/Shop/home.php(6): require_once('/var/www/html/v...')"
[16-Dec-2021 07:08:54] WARNING: [pool www] child 25 said into stderr: "#3 /var/www/html/src/Controllers/HomeController.php(11): require_once('/var/www/html/v...')"
[16-Dec-2021 07:08:54] WARNING: [pool www] child 25 said into stderr: "#4 [internal function]: webLazy\Controllers\HomeController->loadView()"
[16-Dec-2021 07:08:54] WARNING: [pool www] child 25 said into stderr: "#5 /var/www/html/src/Core/Route.php(99): call_user_func_array()"
[16-Dec-2021 07:08:54] WARNING: [pool www] child 25 said into stderr: "#6 /var/www/html/src/Core/Route.php(114): webLazy\Core\Route->callAction()"
[16-Dec-2021 07:08:54] WARNING: [pool www] child 25 said into stderr: "#7 /var/www/html/src/Core/Bootstrap.php(28): webLazy\Core\Route->direct()"
[16-Dec-2021 07:08:54] WARNING: [pool www] child 25 said into stderr: "#8 /var/www/html/index.php(9): require_once('/var/www/html/s...')"
[16-Dec-2021 07:08:54] WARNING: [pool www] child 25 said into stderr: "#9 {main}"
[16-Dec-2021 07:08:54] WARNING: [pool www] child 25 said into stderr: "  thrown in /var/www/html/src/Model/TypeModel.php on line 13"
[16-Dec-2021 07:11:13] WARNING: [pool www] child 23 said into stderr: "NOTICE: PHP message: PHP Warning:  mysqli::__construct(): (HY000/1044): Access denied for user 'vuongkma'@'%' to database 'webLazy' in /var/www/html/src/Database/DB.php on line 26"
[16-Dec-2021 07:11:13] WARNING: [pool www] child 23 said into stderr: "NOTICE: PHP message: PHP Warning:  mysqli_set_charset(): Couldn't fetch mysqli in /var/www/html/src/Database/DB.php on line 29"
[16-Dec-2021 07:11:13] WARNING: [pool www] child 23 said into stderr: "NOTICE: PHP message: PHP Warning:  mysqli_set_charset(): Couldn't fetch mysqli in /var/www/html/src/Database/DB.php on line 29"
[16-Dec-2021 07:11:13] WARNING: [pool www] child 23 said into stderr: "NOTICE: PHP message: PHP Warning:  mysqli::query(): Couldn't fetch mysqli in /var/www/html/src/Model/TypeModel.php on line 13"
[16-Dec-2021 07:11:13] WARNING: [pool www] child 23 said into stderr: "NOTICE: PHP message: PHP Fatal error:  Uncaught Error: Call to a member function fetch_all() on bool in /var/www/html/src/Model/TypeModel.php:13"
[16-Dec-2021 07:11:13] WARNING: [pool www] child 23 said into stderr: "Stack trace:"
[16-Dec-2021 07:11:13] WARNING: [pool www] child 23 said into stderr: "#0 /var/www/html/views/Shop/Navigation.php(13): webLazy\Model\TypeModel::selectAll()"
[16-Dec-2021 07:11:13] WARNING: [pool www] child 23 said into stderr: "#1 /var/www/html/views/Shop/header.php(203): require_once('/var/www/html/v...')"
[16-Dec-2021 07:11:13] WARNING: [pool www] child 23 said into stderr: "#2 /var/www/html/views/Shop/home.php(6): require_once('/var/www/html/v...')"
[16-Dec-2021 07:11:13] WARNING: [pool www] child 23 said into stderr: "#3 /var/www/html/src/Controllers/HomeController.php(11): require_once('/var/www/html/v...')"
[16-Dec-2021 07:11:13] WARNING: [pool www] child 23 said into stderr: "#4 [internal function]: webLazy\Controllers\HomeController->loadView()"
[16-Dec-2021 07:11:13] WARNING: [pool www] child 23 said into stderr: "#5 /var/www/html/src/Core/Route.php(99): call_user_func_array()"
[16-Dec-2021 07:11:13] WARNING: [pool www] child 23 said into stderr: "#6 /var/www/html/src/Core/Route.php(114): webLazy\Core\Route->callAction()"
[16-Dec-2021 07:11:13] WARNING: [pool www] child 23 said into stderr: "#7 /var/www/html/src/Core/Bootstrap.php(28): webLazy\Core\Route->direct()"
[16-Dec-2021 07:11:13] WARNING: [pool www] child 23 said into stderr: "#8 /var/www/html/index.php(9): require_once('/var/www/html/s...')"
[16-Dec-2021 07:11:13] WARNING: [pool www] child 23 said into stderr: "#9 {main}"
[16-Dec-2021 07:11:13] WARNING: [pool www] child 23 said into stderr: "  thrown in /var/www/html/src/Model/TypeModel.php on line 13"
[16-Dec-2021 07:16:30] NOTICE: fpm is running, pid 17
[16-Dec-2021 07:16:30] NOTICE: ready to handle connections
[16-Dec-2021 07:16:30] NOTICE: systemd monitor interval set to 10000ms
[16-Dec-2021 07:18:30] NOTICE: fpm is running, pid 17
[16-Dec-2021 07:18:30] NOTICE: ready to handle connections
[16-Dec-2021 07:18:30] NOTICE: systemd monitor interval set to 10000ms
[16-Dec-2021 07:57:57] WARNING: [pool www] child 24 said into stderr: "NOTICE: PHP message: PHP Notice:  Undefined index: Email in /var/www/html/src/Model/SignInModel.php on line 32"
[16-Dec-2021 07:57:57] WARNING: [pool www] child 24 said into stderr: "NOTICE: PHP message: PHP Notice:  Undefined index: Password in /var/www/html/src/Model/SignInModel.php on line 33"
[16-Dec-2021 08:01:28] WARNING: [pool www] child 25 said into stderr: "NOTICE: PHP message: PHP Notice:  Undefined offset: 0 in /var/www/html/src/Core/HandleResponse.php on line 40"
[16-Dec-2021 08:02:28] WARNING: [pool www] child 23 said into stderr: "NOTICE: PHP message: PHP Notice:  Undefined offset: 0 in /var/www/html/src/Core/HandleResponse.php on line 40"
[16-Dec-2021 08:03:59] WARNING: [pool www] child 25 said into stderr: "NOTICE: PHP message: PHP Notice:  Undefined offset: 0 in /var/www/html/src/Core/HandleResponse.php on line 40"
[16-Dec-2021 08:04:00] WARNING: [pool www] child 23 said into stderr: "NOTICE: PHP message: PHP Notice:  Undefined offset: 0 in /var/www/html/src/Core/HandleResponse.php on line 40"
[16-Dec-2021 08:04:02] WARNING: [pool www] child 24 said into stderr: "NOTICE: PHP message: PHP Notice:  Undefined offset: 0 in /var/www/html/src/Core/HandleResponse.php on line 40"
[16-Dec-2021 08:04:02] WARNING: [pool www] child 25 said into stderr: "NOTICE: PHP message: PHP Notice:  Undefined offset: 0 in /var/www/html/src/Core/HandleResponse.php on line 40"
[16-Dec-2021 08:04:03] WARNING: [pool www] child 23 said into stderr: "NOTICE: PHP message: PHP Notice:  Undefined offset: 0 in /var/www/html/src/Core/HandleResponse.php on line 40"
[16-Dec-2021 08:04:04] WARNING: [pool www] child 24 said into stderr: "NOTICE: PHP message: PHP Notice:  Undefined offset: 0 in /var/www/html/src/Core/HandleResponse.php on line 40"
[16-Dec-2021 08:04:05] WARNING: [pool www] child 25 said into stderr: "NOTICE: PHP message: PHP Notice:  Undefined offset: 0 in /var/www/html/src/Core/HandleResponse.php on line 40"
[16-Dec-2021 08:53:43] WARNING: [pool www] child 25 said into stderr: "NOTICE: PHP message: PHP Notice:  Undefined offset: 0 in /var/www/html/src/Core/HandleResponse.php on line 40"
[16-Dec-2021 08:54:26] WARNING: [pool www] child 23 said into stderr: "NOTICE: PHP message: PHP Notice:  Undefined offset: 0 in /var/www/html/src/Core/HandleResponse.php on line 40"
[16-Dec-2021 08:58:22] WARNING: [pool www] child 23 said into stderr: "NOTICE: PHP message: PHP Notice:  Undefined index: Email in /var/www/html/src/Model/SignInModel.php on line 32"
[16-Dec-2021 09:49:06] WARNING: [pool www] child 24 said into stderr: "NOTICE: PHP message: PHP Notice:  Trying to access array offset on value of type null in /var/www/html/src/Model/SignInModel.php on line 57"
[16-Dec-2021 09:49:06] WARNING: [pool www] child 24 said into stderr: "NOTICE: PHP message: PHP Fatal error:  Uncaught TypeError: Return value of webLazy\Model\SignInModel::getTokenWithEmail() must be of the type string, null returned in /var/www/html/src/Model/SignInModel.php:57"
[16-Dec-2021 09:49:06] WARNING: [pool www] child 24 said into stderr: "Stack trace:"
[16-Dec-2021 09:49:06] WARNING: [pool www] child 24 said into stderr: "#0 /var/www/html/src/API/SignIn/SignInAPI.php(24): webLazy\Model\SignInModel::getTokenWithEmail()"
[16-Dec-2021 09:49:06] WARNING: [pool www] child 24 said into stderr: "#1 [internal function]: webLazy\API\SignIn\SignInAPI->handleLogin()"
[16-Dec-2021 09:49:06] WARNING: [pool www] child 24 said into stderr: "#2 /var/www/html/src/Core/Route.php(99): call_user_func_array()"
[16-Dec-2021 09:49:06] WARNING: [pool www] child 24 said into stderr: "#3 /var/www/html/src/Core/Route.php(114): webLazy\Core\Route->callAction()"
[16-Dec-2021 09:49:06] WARNING: [pool www] child 24 said into stderr: "#4 /var/www/html/src/Core/Bootstrap.php(28): webLazy\Core\Route->direct()"
[16-Dec-2021 09:49:06] WARNING: [pool www] child 24 said into stderr: "#5 /var/www/html/index.php(9): require_once('/var/www/html/s...')"
[16-Dec-2021 09:49:06] WARNING: [pool www] child 24 said into stderr: "#6 {main}"
[16-Dec-2021 09:49:06] WARNING: [pool www] child 24 said into stderr: "  thrown in /var/www/html/src/Model/SignInModel.php on line 57"
[19-Dec-2021 00:12:30] NOTICE: fpm is running, pid 21
[19-Dec-2021 00:12:30] NOTICE: ready to handle connections
[19-Dec-2021 00:12:30] NOTICE: systemd monitor interval set to 10000ms
[19-Dec-2021 00:17:24] WARNING: [pool www] child 28 said into stderr: "NOTICE: PHP message: PHP Notice:  Trying to access array offset on value of type int in /var/www/html/src/API/SignIn/SignInAPI.php on line 24"
[19-Dec-2021 01:08:02] WARNING: [pool www] child 29 said into stderr: "NOTICE: PHP message: PHP Notice:  Trying to access array offset on value of type int in /var/www/html/src/API/Products/ProductsAPI.php on line 62"
[19-Dec-2021 01:08:02] WARNING: [pool www] child 29 said into stderr: "NOTICE: PHP message: PHP Notice:  Trying to access array offset on value of type int in /var/www/html/src/API/Products/ProductsAPI.php on line 62"
[19-Dec-2021 01:08:02] WARNING: [pool www] child 29 said into stderr: "NOTICE: PHP message: PHP Notice:  Trying to access array offset on value of type int in /var/www/html/src/API/Products/ProductsAPI.php on line 62"
[19-Dec-2021 01:08:02] WARNING: [pool www] child 29 said into stderr: "NOTICE: PHP message: PHP Notice:  Trying to access array offset on value of type int in /var/www/html/src/API/Products/ProductsAPI.php on line 62"
[19-Dec-2021 01:08:02] WARNING: [pool www] child 29 said into stderr: "NOTICE: PHP message: PHP Notice:  Trying to access array offset on value of type int in /var/www/html/src/API/Products/ProductsAPI.php on line 62"
[19-Dec-2021 01:08:02] WARNING: [pool www] child 29 said into stderr: "NOTICE: PHP message: PHP Notice:  Trying to access array offset on value of type int in /var/www/html/src/API/Products/ProductsAPI.php on line 62"
